<?xml version='1.0'?>
<ns2:test-suite xmlns:ns2='urn:model.allure.qatools.yandex.ru' start='1669632135916' stop='1669632135980'>
    <name>Bootcamp E2E: Search bar</name>
    <title>Bootcamp E2E: Search bar</title>
    <test-cases>
        <test-case start='1669632135916' status='passed' stop='1669632135918'>
            <name></name>
            <title></title>
            <labels>
                <label name='language' value='javascript'/>
                <label name='framework' value='wdio'/>
                <label name='thread' value='0-0'/>
            </labels>
            <parameters>
                <parameter kind='argument' name='browser' value='chrome-107.0.5304.107'/>
            </parameters>
            <steps/>
            <attachments/>
        </test-case>
        <test-case start='1669632135918' status='broken' stop='1669632135975'>
            <name>When I entry the word Windows in the search bar and I click the search</name>
            <title>When I entry the word Windows in the search bar and I click the search</title>
            <labels>
                <label name='language' value='javascript'/>
                <label name='framework' value='wdio'/>
                <label name='thread' value='0-0'/>
            </labels>
            <parameters>
                <parameter kind='argument' name='browser' value='chrome-107.0.5304.107'/>
            </parameters>
            <steps>
                <step start='1669632135924' status='broken' stop='1669632135975'>
                    <name>POST /session/:sessionId/element</name>
                    <title>POST /session/:sessionId/element</title>
                    <attachments>
                        <attachment title='Request' source='ddc73a57-04a7-446f-91bb-e65cb7feba56-attachment.json' type='application/json' size='180'/>
                    </attachments>
                    <steps/>
                </step>
            </steps>
            <attachments/>
            <failure>
                <message>Error: function uses multiple asynchronous interfaces: callback and promise</message>
                <stack-trace>Error: function uses multiple asynchronous interfaces: callback and promise
                to use the callback interface: do not return a promise
                to use the promise interface: remove the last argument to the function
                    at Object.run (E:\Evolution\E2E\node_modules\@cucumber\cucumber\lib\user_code_runner.js:35:24)
                    at Object.run (E:\Evolution\E2E\node_modules\@cucumber\cucumber\lib\runtime\step_runner.js:52:59)
                    at process.processTicksAndRejections (node:internal/process/task_queues:95:5)
                    at async TestCaseRunner.invokeStep (E:\Evolution\E2E\node_modules\@cucumber\cucumber\lib\runtime\test_case_runner.js:93:16)
                    at async TestCaseRunner.runStep (E:\Evolution\E2E\node_modules\@cucumber\cucumber\lib\runtime\test_case_runner.js:237:26)
                    at async E:\Evolution\E2E\node_modules\@cucumber\cucumber\lib\runtime\test_case_runner.js:163:48
                    at async TestCaseRunner.aroundTestStep (E:\Evolution\E2E\node_modules\@cucumber\cucumber\lib\runtime\test_case_runner.js:117:32)
                    at async TestCaseRunner.run (E:\Evolution\E2E\node_modules\@cucumber\cucumber\lib\runtime\test_case_runner.js:146:17)
                    at async Runtime.runTestCase (E:\Evolution\E2E\node_modules\@cucumber\cucumber\lib\runtime\index.js:41:24)
                    at async Runtime.start (E:\Evolution\E2E\node_modules\@cucumber\cucumber\lib\runtime\index.js:65:13)</stack-trace>
            </failure>
        </test-case>
        <test-case start='1669632135976' status='broken' stop='1669632135976'>
            <name>Then I check that at least one item appears</name>
            <title>Then I check that at least one item appears</title>
            <labels>
                <label name='language' value='javascript'/>
                <label name='framework' value='wdio'/>
                <label name='thread' value='0-0'/>
            </labels>
            <parameters>
                <parameter kind='argument' name='browser' value='chrome-107.0.5304.107'/>
            </parameters>
            <steps/>
            <attachments/>
            <failure>
                <message>Step "I check that at least one item appears" is not defined. You can ignore this error by setting cucumberOpts.ignoreUndefinedDefinitions as true.</message>
                <stack-trace>Step "I check that at least one item appears" is not defined. You can ignore this error by setting cucumberOpts.ignoreUndefinedDefinitions as true.
                	at Feature(E:\Evolution\E2E\features\bootcampE2E.feature):1:1
                	at Scenario(Search bar):6:1
                	at Step(I check that at least one item appears):8:1
                </stack-trace>
            </failure>
        </test-case>
        <test-case start='1669632135976' status='passed' stop='1669632135979'>
            <name></name>
            <title></title>
            <labels>
                <label name='language' value='javascript'/>
                <label name='framework' value='wdio'/>
                <label name='thread' value='0-0'/>
            </labels>
            <parameters>
                <parameter kind='argument' name='browser' value='chrome-107.0.5304.107'/>
            </parameters>
            <steps/>
            <attachments/>
        </test-case>
    </test-cases>
</ns2:test-suite>